<?xml version="1.0" encoding="UTF-8"?>
<!-- Generated by org.testng.reporters.JUnitReportReporter -->
<testsuite hostname="DESKTOP-AI6NF5T" failures="0" tests="1" name="testClasses.SearchProductTest" time="35.941" errors="0" timestamp="2025-07-11T00:06:04 PDT" skipped="0">
  <testcase classname="testClasses.SearchProductTest" name="verifyProductSearch" time="35.941"/>
</testsuite> <!-- testClasses.SearchProductTest -->
