<?xml version="1.0" encoding="UTF-8"?>
<!-- Generated by org.testng.reporters.JUnitReportReporter -->
<testsuite hostname="DESKTOP-AI6NF5T" failures="0" tests="6" name="testClasses.LoginTest" time="33.224" errors="0" timestamp="2025-07-06T13:11:47 PDT" skipped="0">
  <testcase classname="testClasses.LoginTest" name="verifyLoginWithValidCredentials" time="5.649"/>
  <testcase classname="testClasses.LoginTest" name="verifyLoginWithInvalidCredentials" time="5.078"/>
  <testcase classname="testClasses.LoginTest" name="verifyLoginWithInvalidEmailAndValidPassword" time="7.087"/>
  <testcase classname="testClasses.LoginTest" name="verifyLoginWithValidEmailAndInvalidPassword" time="4.939"/>
  <testcase classname="testClasses.LoginTest" name="verifyLoginWithWithoutCredentials" time="5.253"/>
  <testcase classname="testClasses.LoginTest" name="verifyForgottenLinkAvaliableAndWorking" time="5.218"/>
</testsuite> <!-- testClasses.LoginTest -->
