<?xml version="1.0" encoding="UTF-8"?>
<!-- Generated by org.testng.reporters.JUnitReportReporter -->
<testsuite hostname="DESKTOP-AI6NF5T" failures="0" tests="3" name="testClasses.RegisterAccountTest" time="23.594" errors="0" timestamp="2025-07-11T00:11:29 PDT" skipped="0">
  <testcase classname="testClasses.RegisterAccountTest" name="verifyRegisteringAccountWithManetoryFields" time="9.207"/>
  <testcase classname="testClasses.RegisterAccountTest" name="verifyRegisterAccountByProvidingallFields" time="6.781"/>
  <testcase classname="testClasses.RegisterAccountTest" name="verifyRegisterAccountWithValidData" time="7.606"/>
</testsuite> <!-- testClasses.RegisterAccountTest -->
