<?xml version="1.0" encoding="UTF-8"?>
<!-- Generated by org.testng.reporters.JUnitReportReporter -->
<testsuite hostname="DESKTOP-AI6NF5T" failures="0" tests="2" name="testClasses.RegisterAccountTest" time="15.668" errors="0" timestamp="2025-07-06T13:11:47 PDT" skipped="0">
  <testcase classname="testClasses.RegisterAccountTest" name="verifyRegisteringAccountWithManetoryFields" time="6.186"/>
  <testcase classname="testClasses.RegisterAccountTest" name="verifyRegisterAccountByProvidingallFields" time="9.482"/>
</testsuite> <!-- testClasses.RegisterAccountTest -->
