<?xml version="1.0" encoding="UTF-8"?>
<!-- Generated by org.testng.reporters.JUnitReportReporter -->
<testsuite hostname="DESKTOP-AI6NF5T" failures="0" tests="6" name="testClasses.LoginTest" time="33.034" errors="0" timestamp="2025-07-06T12:27:37 PDT" skipped="0">
  <testcase classname="testClasses.LoginTest" name="verifyLoginWithValidCredentials" time="5.296"/>
  <testcase classname="testClasses.LoginTest" name="verifyLoginWithInvalidCredentials" time="5.286"/>
  <testcase classname="testClasses.LoginTest" name="verifyLoginWithInvalidEmailAndValidPassword" time="4.913"/>
  <testcase classname="testClasses.LoginTest" name="verifyLoginWithValidEmailAndInvalidPassword" time="5.713"/>
  <testcase classname="testClasses.LoginTest" name="verifyLoginWithWithoutCredentials" time="7.282"/>
  <testcase classname="testClasses.LoginTest" name="verifyForgottenLinkAvaliableAndWorking" time="4.544"/>
</testsuite> <!-- testClasses.LoginTest -->
