<?xml version="1.0" encoding="UTF-8"?>
<!-- Generated by org.testng.reporters.JUnitReportReporter -->
<testsuite hostname="DESKTOP-AI6NF5T" failures="0" tests="2" name="testClasses.RegisterAccountTest" time="22.570" errors="0" timestamp="2025-07-01T01:45:17 PDT" skipped="0">
  <testcase classname="testClasses.RegisterAccountTest" name="verifyRegisteringAccountWithManetoryFields" time="13.529"/>
  <testcase classname="testClasses.RegisterAccountTest" name="verifyRegisterAccountByProvidingallFields" time="9.041"/>
</testsuite> <!-- testClasses.RegisterAccountTest -->
