<?xml version="1.0" encoding="UTF-8"?>
<!-- Generated by org.testng.reporters.JUnitReportReporter -->
<testsuite hostname="DESKTOP-AI6NF5T" failures="0" tests="3" name="testClasses.RegisterAccountTest" time="24.651" errors="0" timestamp="2025-07-08T11:06:32 PDT" skipped="0">
  <testcase classname="testClasses.RegisterAccountTest" name="verifyRegisteringAccountWithManetoryFields" time="7.240"/>
  <testcase classname="testClasses.RegisterAccountTest" name="verifyRegisterAccountByProvidingallFields" time="10.008"/>
  <testcase classname="testClasses.RegisterAccountTest" name="verifyRegisterAccountWithValidData" time="7.403"/>
</testsuite> <!-- testClasses.RegisterAccountTest -->
