<?xml version="1.0" encoding="UTF-8"?>
<!-- Generated by org.testng.reporters.JUnitReportReporter -->
<testsuite hostname="DESKTOP-AI6NF5T" failures="0" tests="1" name="testClasses.EndToEndTest" time="12.164" errors="0" timestamp="2025-07-06T13:11:47 PDT" skipped="0">
  <testcase classname="testClasses.EndToEndTest" name="verifyEndToEndTest" time="12.164"/>
</testsuite> <!-- testClasses.EndToEndTest -->
