<?xml version="1.0" encoding="UTF-8"?>
<!-- Generated by org.testng.reporters.JUnitReportReporter -->
<testsuite hostname="DESKTOP-AI6NF5T" failures="0" tests="2" name="testClasses.RegisterAccountTest" time="19.273" errors="0" timestamp="2025-07-06T12:27:37 PDT" skipped="0">
  <testcase classname="testClasses.RegisterAccountTest" name="verifyRegisteringAccountWithManetoryFields" time="12.373"/>
  <testcase classname="testClasses.RegisterAccountTest" name="verifyRegisterAccountByProvidingallFields" time="6.900"/>
</testsuite> <!-- testClasses.RegisterAccountTest -->
