<?xml version="1.0" encoding="UTF-8"?>
<!-- Generated by org.testng.reporters.JUnitReportReporter -->
<testsuite hostname="DESKTOP-AI6NF5T" failures="0" tests="2" name="testClasses.RegisterAccountTest" time="19.140" errors="0" timestamp="2025-07-04T06:04:47 PDT" skipped="0">
  <testcase classname="testClasses.RegisterAccountTest" name="verifyRegisteringAccountWithManetoryFields" time="7.063"/>
  <testcase classname="testClasses.RegisterAccountTest" name="verifyRegisterAccountByProvidingallFields" time="12.077"/>
</testsuite> <!-- testClasses.RegisterAccountTest -->
